<?xml version="1.0" encoding="UTF-8"?>
<!-- Generated by org.testng.reporters.JUnitXMLReporter -->
<testsuite ignored="0" hostname="NAG1-LHP-N76263" failures="1" tests="4" name="Test" time="37.698" errors="0" timestamp="2022-07-20T22:36:17 IST">
  <testcase classname="Orangeone.o1" name="DataTest" time="13.646">
    <failure type="org.openqa.selenium.StaleElementReferenceException" message="The element reference of &amp;lt;a id=&amp;quot;welcome&amp;quot; class=&amp;quot;panelTrigger&amp;quot; href=&amp;quot;#&amp;quot;&amp;gt; is stale; either the element is no longer attached to the DOM, it is not in the current frame context, or the document has been refreshed
For documentation on this error, please visit: https://selenium.dev/exceptions/#stale_element_reference
Build info: version: &amp;apos;4.3.0&amp;apos;, revision: &amp;apos;a4995e2c09*&amp;apos;
System info: host: &amp;apos;NAG1-LHP-N76263&amp;apos;, ip: &amp;apos;127.0.1.1&amp;apos;, os.name: &amp;apos;Linux&amp;apos;, os.arch: &amp;apos;amd64&amp;apos;, os.version: &amp;apos;5.11.0-051100-generic&amp;apos;, java.version: &amp;apos;11.0.15&amp;apos;
Driver info: org.openqa.selenium.firefox.FirefoxDriver
Command: [1009c717-38da-4faf-8853-6e900473a5ae, clickElement {id=0df374eb-8205-4860-b424-6fc7c356333a}]
Capabilities {acceptInsecureCerts: true, browserName: firefox, browserVersion: 102.0, moz:accessibilityChecks: false, moz:buildID: 20220623063721, moz:debuggerAddress: localhost:41555, moz:geckodriverVersion: 0.31.0, moz:headless: false, moz:processID: 7589, moz:profile: /tmp/rust_mozprofileAqBEJM, moz:shutdownTimeout: 60000, moz:useNonSpecCompliantPointerOrigin: false, moz:webdriverClick: true, moz:windowless: false, pageLoadStrategy: normal, platformName: LINUX, platformVersion: 5.11.0-051100-generic, proxy: Proxy(), se:cdp: ws://localhost:41555/devtoo..., se:cdpVersion: 85.0, setWindowRect: true, strictFileInteractability: false, timeouts: {implicit: 0, pageLoad: 300000, script: 30000}, unhandledPromptBehavior: dismiss and notify}
Element: [[FirefoxDriver: firefox on LINUX (1009c717-38da-4faf-8853-6e900473a5ae)] -&amp;gt; tag name: a]
Session ID: 1009c717-38da-4faf-8853-6e900473a5ae">
      <![CDATA[org.openqa.selenium.StaleElementReferenceException: The element reference of <a id="welcome" class="panelTrigger" href="#"> is stale; either the element is no longer attached to the DOM, it is not in the current frame context, or the document has been refreshed
For documentation on this error, please visit: https://selenium.dev/exceptions/#stale_element_reference
Build info: version: '4.3.0', revision: 'a4995e2c09*'
System info: host: 'NAG1-LHP-N76263', ip: '127.0.1.1', os.name: 'Linux', os.arch: 'amd64', os.version: '5.11.0-051100-generic', java.version: '11.0.15'
Driver info: org.openqa.selenium.firefox.FirefoxDriver
Command: [1009c717-38da-4faf-8853-6e900473a5ae, clickElement {id=0df374eb-8205-4860-b424-6fc7c356333a}]
Capabilities {acceptInsecureCerts: true, browserName: firefox, browserVersion: 102.0, moz:accessibilityChecks: false, moz:buildID: 20220623063721, moz:debuggerAddress: localhost:41555, moz:geckodriverVersion: 0.31.0, moz:headless: false, moz:processID: 7589, moz:profile: /tmp/rust_mozprofileAqBEJM, moz:shutdownTimeout: 60000, moz:useNonSpecCompliantPointerOrigin: false, moz:webdriverClick: true, moz:windowless: false, pageLoadStrategy: normal, platformName: LINUX, platformVersion: 5.11.0-051100-generic, proxy: Proxy(), se:cdp: ws://localhost:41555/devtoo..., se:cdpVersion: 85.0, setWindowRect: true, strictFileInteractability: false, timeouts: {implicit: 0, pageLoad: 300000, script: 30000}, unhandledPromptBehavior: dismiss and notify}
Element: [[FirefoxDriver: firefox on LINUX (1009c717-38da-4faf-8853-6e900473a5ae)] -> tag name: a]
Session ID: 1009c717-38da-4faf-8853-6e900473a5ae
at org.openqa.selenium.remote.codec.w3c.W3CHttpResponseCodec.createException(W3CHttpResponseCodec.java:200)
at org.openqa.selenium.remote.codec.w3c.W3CHttpResponseCodec.decode(W3CHttpResponseCodec.java:133)
at org.openqa.selenium.remote.codec.w3c.W3CHttpResponseCodec.decode(W3CHttpResponseCodec.java:53)
at org.openqa.selenium.remote.HttpCommandExecutor.execute(HttpCommandExecutor.java:184)
at org.openqa.selenium.remote.service.DriverCommandExecutor.invokeExecute(DriverCommandExecutor.java:167)
at org.openqa.selenium.remote.service.DriverCommandExecutor.execute(DriverCommandExecutor.java:142)
at org.openqa.selenium.remote.RemoteWebDriver.execute(RemoteWebDriver.java:569)
at org.openqa.selenium.remote.RemoteWebElement.execute(RemoteWebElement.java:257)
at org.openqa.selenium.remote.RemoteWebElement.click(RemoteWebElement.java:78)
at Orangeone.o1.DataTest(o1.java:26)
at java.base/java.util.ArrayList.forEach(ArrayList.java:1541)
... Removed 31 stack frames]]>
    </failure>
  </testcase> <!-- DataTest -->
  <testcase classname="Orangeone.o2" name="DataTest" time="7.697"/>
  <testcase classname="Orangeone.o2" name="DataTest" time="8.887"/>
  <testcase classname="Orangeone.o2" name="DataTest" time="7.442"/>
</testsuite> <!-- Test -->
